2016-01-13 00:44:03,190 [Worker-17] INFO  o.e.m.c.i.p.ProjectConfigurationManager - Collecting project info '/pom.xml' /Users/Heman/Documents/workstation/Developement_Studio/Java_Laboratory/Leisure_WorkZones/Eclipse_Workspaces/Workspace-Eclipse-2/algorithm.dynamicprogramming/pom.xml
2016-01-13 00:44:04,375 [Worker-17] INFO  o.e.m.c.i.l.LifecycleMappingFactory - Using org.eclipse.m2e.jdt.JarLifecycleMapping lifecycle mapping for MavenProject: dev.research.himanshu:algorithm.dynamicprogramming:0.0.1-SNAPSHOT @ /Users/Heman/Documents/workstation/Developement_Studio/Java_Laboratory/Leisure_WorkZones/Eclipse_Workspaces/Workspace-Eclipse-2/algorithm.dynamicprogramming/pom.xml.
2016-01-13 00:44:05,471 [Worker-17] INFO  o.e.m.j.i.AbstractJavaProjectConfigurator - Adding source folder /algorithm.dynamicprogramming/src/main/java
2016-01-13 00:44:05,474 [Worker-17] INFO  o.e.m.j.i.AbstractJavaProjectConfigurator - Adding source folder /algorithm.dynamicprogramming/src/test/java
2016-01-13 00:44:06,028 [Worker-17] INFO  o.e.m.c.i.p.ProjectConfigurationManager - Imported and configured 1 project(s) in 2 sec
2016-01-13 00:44:07,075 [Worker-8] INFO  o.e.m.c.i.embedder.EclipseLogger - Using 'UTF-8' encoding to copy filtered resources.
2016-01-13 00:44:07,075 [Worker-8] INFO  o.e.m.c.i.embedder.EclipseLogger - skip non existing resourceDirectory /Users/Heman/Documents/workstation/Developement_Studio/Java_Laboratory/Leisure_WorkZones/Eclipse_Workspaces/Workspace-Eclipse-2/algorithm.dynamicprogramming/src/main/resources
2016-01-13 00:44:07,078 [Worker-8] INFO  o.e.m.c.i.embedder.EclipseLogger - Using 'UTF-8' encoding to copy filtered resources.
2016-01-13 00:44:07,078 [Worker-8] INFO  o.e.m.c.i.embedder.EclipseLogger - skip non existing resourceDirectory /Users/Heman/Documents/workstation/Developement_Studio/Java_Laboratory/Leisure_WorkZones/Eclipse_Workspaces/Workspace-Eclipse-2/algorithm.dynamicprogramming/src/test/resources
2016-01-13 00:44:18,393 [Worker-20] INFO  o.e.m.c.i.embedder.EclipseLogger - Using 'UTF-8' encoding to copy filtered resources.
2016-01-13 00:44:18,394 [Worker-20] INFO  o.e.m.c.i.embedder.EclipseLogger - skip non existing resourceDirectory /Users/Heman/Documents/workstation/Developement_Studio/Java_Laboratory/Leisure_WorkZones/Eclipse_Workspaces/Workspace-Eclipse-2/algorithm.dynamicprogramming/src/main/resources
2016-01-13 00:44:18,398 [Worker-20] INFO  o.e.m.c.i.embedder.EclipseLogger - Using 'UTF-8' encoding to copy filtered resources.
2016-01-13 00:44:18,399 [Worker-20] INFO  o.e.m.c.i.embedder.EclipseLogger - skip non existing resourceDirectory /Users/Heman/Documents/workstation/Developement_Studio/Java_Laboratory/Leisure_WorkZones/Eclipse_Workspaces/Workspace-Eclipse-2/algorithm.dynamicprogramming/src/test/resources
2016-01-13 00:44:27,787 [Worker-19] INFO  o.e.m.c.i.embedder.EclipseLogger - Using 'UTF-8' encoding to copy filtered resources.
2016-01-13 00:44:27,787 [Worker-19] INFO  o.e.m.c.i.embedder.EclipseLogger - skip non existing resourceDirectory /Users/Heman/Documents/workstation/Developement_Studio/Java_Laboratory/Leisure_WorkZones/Eclipse_Workspaces/Workspace-Eclipse-2/algorithm.dynamicprogramming/src/main/resources
2016-01-13 00:44:27,789 [Worker-19] INFO  o.e.m.c.i.embedder.EclipseLogger - Using 'UTF-8' encoding to copy filtered resources.
2016-01-13 00:44:27,789 [Worker-19] INFO  o.e.m.c.i.embedder.EclipseLogger - skip non existing resourceDirectory /Users/Heman/Documents/workstation/Developement_Studio/Java_Laboratory/Leisure_WorkZones/Eclipse_Workspaces/Workspace-Eclipse-2/algorithm.dynamicprogramming/src/test/resources
2016-01-13 00:48:02,157 [Worker-19] INFO  o.e.m.c.i.embedder.EclipseLogger - Using 'UTF-8' encoding to copy filtered resources.
2016-01-13 00:48:02,157 [Worker-19] INFO  o.e.m.c.i.embedder.EclipseLogger - skip non existing resourceDirectory /Users/Heman/Documents/workstation/Developement_Studio/Java_Laboratory/Leisure_WorkZones/Eclipse_Workspaces/Workspace-Eclipse-2/algorithm.dynamicprogramming/src/main/resources
2016-01-13 00:48:02,159 [Worker-19] INFO  o.e.m.c.i.embedder.EclipseLogger - Using 'UTF-8' encoding to copy filtered resources.
2016-01-13 00:48:02,159 [Worker-19] INFO  o.e.m.c.i.embedder.EclipseLogger - skip non existing resourceDirectory /Users/Heman/Documents/workstation/Developement_Studio/Java_Laboratory/Leisure_WorkZones/Eclipse_Workspaces/Workspace-Eclipse-2/algorithm.dynamicprogramming/src/test/resources
2016-01-13 00:48:03,182 [Worker-18] INFO  o.e.m.c.i.embedder.EclipseLogger - Using 'UTF-8' encoding to copy filtered resources.
2016-01-13 00:48:03,182 [Worker-18] INFO  o.e.m.c.i.embedder.EclipseLogger - skip non existing resourceDirectory /Users/Heman/Documents/workstation/Developement_Studio/Java_Laboratory/Leisure_WorkZones/Eclipse_Workspaces/Workspace-Eclipse-2/algorithm.dynamicprogramming/src/main/resources
2016-01-13 00:48:03,184 [Worker-18] INFO  o.e.m.c.i.embedder.EclipseLogger - Using 'UTF-8' encoding to copy filtered resources.
2016-01-13 00:48:03,184 [Worker-18] INFO  o.e.m.c.i.embedder.EclipseLogger - skip non existing resourceDirectory /Users/Heman/Documents/workstation/Developement_Studio/Java_Laboratory/Leisure_WorkZones/Eclipse_Workspaces/Workspace-Eclipse-2/algorithm.dynamicprogramming/src/test/resources
2016-01-13 00:50:31,082 [Worker-19] INFO  o.e.m.c.i.embedder.EclipseLogger - Using 'UTF-8' encoding to copy filtered resources.
2016-01-13 00:50:31,082 [Worker-19] INFO  o.e.m.c.i.embedder.EclipseLogger - skip non existing resourceDirectory /Users/Heman/Documents/workstation/Developement_Studio/Java_Laboratory/Leisure_WorkZones/Eclipse_Workspaces/Workspace-Eclipse-2/algorithm.dynamicprogramming/src/main/resources
2016-01-13 00:50:31,083 [Worker-19] INFO  o.e.m.c.i.embedder.EclipseLogger - Using 'UTF-8' encoding to copy filtered resources.
2016-01-13 00:50:31,083 [Worker-19] INFO  o.e.m.c.i.embedder.EclipseLogger - skip non existing resourceDirectory /Users/Heman/Documents/workstation/Developement_Studio/Java_Laboratory/Leisure_WorkZones/Eclipse_Workspaces/Workspace-Eclipse-2/algorithm.dynamicprogramming/src/test/resources
2016-01-13 00:50:36,735 [Worker-21] INFO  o.e.m.c.i.embedder.EclipseLogger - Using 'UTF-8' encoding to copy filtered resources.
2016-01-13 00:50:36,736 [Worker-21] INFO  o.e.m.c.i.embedder.EclipseLogger - skip non existing resourceDirectory /Users/Heman/Documents/workstation/Developement_Studio/Java_Laboratory/Leisure_WorkZones/Eclipse_Workspaces/Workspace-Eclipse-2/algorithm.dynamicprogramming/src/main/resources
2016-01-13 00:50:36,737 [Worker-21] INFO  o.e.m.c.i.embedder.EclipseLogger - Using 'UTF-8' encoding to copy filtered resources.
2016-01-13 00:50:36,737 [Worker-21] INFO  o.e.m.c.i.embedder.EclipseLogger - skip non existing resourceDirectory /Users/Heman/Documents/workstation/Developement_Studio/Java_Laboratory/Leisure_WorkZones/Eclipse_Workspaces/Workspace-Eclipse-2/algorithm.dynamicprogramming/src/test/resources
2016-01-13 00:57:05,827 [Worker-24] INFO  o.e.m.c.i.embedder.EclipseLogger - Using 'UTF-8' encoding to copy filtered resources.
2016-01-13 00:57:05,827 [Worker-24] INFO  o.e.m.c.i.embedder.EclipseLogger - skip non existing resourceDirectory /Users/Heman/Documents/workstation/Developement_Studio/Java_Laboratory/Leisure_WorkZones/Eclipse_Workspaces/Workspace-Eclipse-2/algorithm.dynamicprogramming/src/main/resources
2016-01-13 00:57:05,830 [Worker-24] INFO  o.e.m.c.i.embedder.EclipseLogger - Using 'UTF-8' encoding to copy filtered resources.
2016-01-13 00:57:05,830 [Worker-24] INFO  o.e.m.c.i.embedder.EclipseLogger - skip non existing resourceDirectory /Users/Heman/Documents/workstation/Developement_Studio/Java_Laboratory/Leisure_WorkZones/Eclipse_Workspaces/Workspace-Eclipse-2/algorithm.dynamicprogramming/src/test/resources
2016-01-13 00:57:23,793 [Worker-27] INFO  o.e.m.c.i.embedder.EclipseLogger - Using 'UTF-8' encoding to copy filtered resources.
2016-01-13 00:57:23,793 [Worker-27] INFO  o.e.m.c.i.embedder.EclipseLogger - skip non existing resourceDirectory /Users/Heman/Documents/workstation/Developement_Studio/Java_Laboratory/Leisure_WorkZones/Eclipse_Workspaces/Workspace-Eclipse-2/algorithm.dynamicprogramming/src/main/resources
2016-01-13 00:57:23,794 [Worker-27] INFO  o.e.m.c.i.embedder.EclipseLogger - Using 'UTF-8' encoding to copy filtered resources.
2016-01-13 00:57:23,795 [Worker-27] INFO  o.e.m.c.i.embedder.EclipseLogger - skip non existing resourceDirectory /Users/Heman/Documents/workstation/Developement_Studio/Java_Laboratory/Leisure_WorkZones/Eclipse_Workspaces/Workspace-Eclipse-2/algorithm.dynamicprogramming/src/test/resources
2016-01-13 01:04:25,508 [Worker-28] INFO  o.e.m.c.i.embedder.EclipseLogger - Using 'UTF-8' encoding to copy filtered resources.
2016-01-13 01:04:25,508 [Worker-28] INFO  o.e.m.c.i.embedder.EclipseLogger - skip non existing resourceDirectory /Users/Heman/Documents/workstation/Developement_Studio/Java_Laboratory/Leisure_WorkZones/Eclipse_Workspaces/Workspace-Eclipse-2/algorithm.dynamicprogramming/src/main/resources
2016-01-13 01:04:25,509 [Worker-28] INFO  o.e.m.c.i.embedder.EclipseLogger - Using 'UTF-8' encoding to copy filtered resources.
2016-01-13 01:04:25,509 [Worker-28] INFO  o.e.m.c.i.embedder.EclipseLogger - skip non existing resourceDirectory /Users/Heman/Documents/workstation/Developement_Studio/Java_Laboratory/Leisure_WorkZones/Eclipse_Workspaces/Workspace-Eclipse-2/algorithm.dynamicprogramming/src/test/resources
2016-01-13 01:04:56,562 [Worker-27] INFO  o.e.m.c.i.embedder.EclipseLogger - Using 'UTF-8' encoding to copy filtered resources.
2016-01-13 01:04:56,562 [Worker-27] INFO  o.e.m.c.i.embedder.EclipseLogger - skip non existing resourceDirectory /Users/Heman/Documents/workstation/Developement_Studio/Java_Laboratory/Leisure_WorkZones/Eclipse_Workspaces/Workspace-Eclipse-2/algorithm.dynamicprogramming/src/main/resources
2016-01-13 01:04:56,564 [Worker-27] INFO  o.e.m.c.i.embedder.EclipseLogger - Using 'UTF-8' encoding to copy filtered resources.
2016-01-13 01:04:56,564 [Worker-27] INFO  o.e.m.c.i.embedder.EclipseLogger - skip non existing resourceDirectory /Users/Heman/Documents/workstation/Developement_Studio/Java_Laboratory/Leisure_WorkZones/Eclipse_Workspaces/Workspace-Eclipse-2/algorithm.dynamicprogramming/src/test/resources
2016-01-13 01:05:33,648 [Worker-30] INFO  o.e.m.c.i.embedder.EclipseLogger - Using 'UTF-8' encoding to copy filtered resources.
2016-01-13 01:05:33,649 [Worker-30] INFO  o.e.m.c.i.embedder.EclipseLogger - skip non existing resourceDirectory /Users/Heman/Documents/workstation/Developement_Studio/Java_Laboratory/Leisure_WorkZones/Eclipse_Workspaces/Workspace-Eclipse-2/algorithm.dynamicprogramming/src/main/resources
2016-01-13 01:05:33,650 [Worker-30] INFO  o.e.m.c.i.embedder.EclipseLogger - Using 'UTF-8' encoding to copy filtered resources.
2016-01-13 01:05:33,650 [Worker-30] INFO  o.e.m.c.i.embedder.EclipseLogger - skip non existing resourceDirectory /Users/Heman/Documents/workstation/Developement_Studio/Java_Laboratory/Leisure_WorkZones/Eclipse_Workspaces/Workspace-Eclipse-2/algorithm.dynamicprogramming/src/test/resources
2016-01-13 01:11:12,872 [Worker-30] INFO  o.e.m.c.i.embedder.EclipseLogger - Using 'UTF-8' encoding to copy filtered resources.
2016-01-13 01:11:12,873 [Worker-30] INFO  o.e.m.c.i.embedder.EclipseLogger - skip non existing resourceDirectory /Users/Heman/Documents/workstation/Developement_Studio/Java_Laboratory/Leisure_WorkZones/Eclipse_Workspaces/Workspace-Eclipse-2/algorithm.dynamicprogramming/src/main/resources
2016-01-13 01:11:12,874 [Worker-30] INFO  o.e.m.c.i.embedder.EclipseLogger - Using 'UTF-8' encoding to copy filtered resources.
2016-01-13 01:11:12,875 [Worker-30] INFO  o.e.m.c.i.embedder.EclipseLogger - skip non existing resourceDirectory /Users/Heman/Documents/workstation/Developement_Studio/Java_Laboratory/Leisure_WorkZones/Eclipse_Workspaces/Workspace-Eclipse-2/algorithm.dynamicprogramming/src/test/resources
2016-01-13 01:12:10,986 [Worker-30] INFO  o.e.m.c.i.embedder.EclipseLogger - Using 'UTF-8' encoding to copy filtered resources.
2016-01-13 01:12:10,986 [Worker-30] INFO  o.e.m.c.i.embedder.EclipseLogger - skip non existing resourceDirectory /Users/Heman/Documents/workstation/Developement_Studio/Java_Laboratory/Leisure_WorkZones/Eclipse_Workspaces/Workspace-Eclipse-2/algorithm.dynamicprogramming/src/main/resources
2016-01-13 01:12:10,987 [Worker-30] INFO  o.e.m.c.i.embedder.EclipseLogger - Using 'UTF-8' encoding to copy filtered resources.
2016-01-13 01:12:10,987 [Worker-30] INFO  o.e.m.c.i.embedder.EclipseLogger - skip non existing resourceDirectory /Users/Heman/Documents/workstation/Developement_Studio/Java_Laboratory/Leisure_WorkZones/Eclipse_Workspaces/Workspace-Eclipse-2/algorithm.dynamicprogramming/src/test/resources
2016-01-13 01:12:42,254 [Worker-24] INFO  o.e.m.c.i.embedder.EclipseLogger - Using 'UTF-8' encoding to copy filtered resources.
2016-01-13 01:12:42,254 [Worker-24] INFO  o.e.m.c.i.embedder.EclipseLogger - skip non existing resourceDirectory /Users/Heman/Documents/workstation/Developement_Studio/Java_Laboratory/Leisure_WorkZones/Eclipse_Workspaces/Workspace-Eclipse-2/algorithm.dynamicprogramming/src/main/resources
2016-01-13 01:12:42,255 [Worker-24] INFO  o.e.m.c.i.embedder.EclipseLogger - Using 'UTF-8' encoding to copy filtered resources.
2016-01-13 01:12:42,256 [Worker-24] INFO  o.e.m.c.i.embedder.EclipseLogger - skip non existing resourceDirectory /Users/Heman/Documents/workstation/Developement_Studio/Java_Laboratory/Leisure_WorkZones/Eclipse_Workspaces/Workspace-Eclipse-2/algorithm.dynamicprogramming/src/test/resources
2016-01-13 01:13:20,497 [Worker-33] INFO  o.e.m.c.i.embedder.EclipseLogger - Using 'UTF-8' encoding to copy filtered resources.
2016-01-13 01:13:20,497 [Worker-33] INFO  o.e.m.c.i.embedder.EclipseLogger - skip non existing resourceDirectory /Users/Heman/Documents/workstation/Developement_Studio/Java_Laboratory/Leisure_WorkZones/Eclipse_Workspaces/Workspace-Eclipse-2/algorithm.dynamicprogramming/src/main/resources
2016-01-13 01:13:20,500 [Worker-33] INFO  o.e.m.c.i.embedder.EclipseLogger - Using 'UTF-8' encoding to copy filtered resources.
2016-01-13 01:13:20,500 [Worker-33] INFO  o.e.m.c.i.embedder.EclipseLogger - skip non existing resourceDirectory /Users/Heman/Documents/workstation/Developement_Studio/Java_Laboratory/Leisure_WorkZones/Eclipse_Workspaces/Workspace-Eclipse-2/algorithm.dynamicprogramming/src/test/resources
2016-01-13 01:14:37,956 [Worker-24] INFO  o.e.m.c.i.embedder.EclipseLogger - Using 'UTF-8' encoding to copy filtered resources.
2016-01-13 01:14:37,956 [Worker-24] INFO  o.e.m.c.i.embedder.EclipseLogger - skip non existing resourceDirectory /Users/Heman/Documents/workstation/Developement_Studio/Java_Laboratory/Leisure_WorkZones/Eclipse_Workspaces/Workspace-Eclipse-2/algorithm.dynamicprogramming/src/main/resources
2016-01-13 01:14:37,957 [Worker-24] INFO  o.e.m.c.i.embedder.EclipseLogger - Using 'UTF-8' encoding to copy filtered resources.
2016-01-13 01:14:37,958 [Worker-24] INFO  o.e.m.c.i.embedder.EclipseLogger - skip non existing resourceDirectory /Users/Heman/Documents/workstation/Developement_Studio/Java_Laboratory/Leisure_WorkZones/Eclipse_Workspaces/Workspace-Eclipse-2/algorithm.dynamicprogramming/src/test/resources
2016-01-13 01:14:58,953 [Worker-31] INFO  o.e.m.c.i.embedder.EclipseLogger - Using 'UTF-8' encoding to copy filtered resources.
2016-01-13 01:14:58,954 [Worker-31] INFO  o.e.m.c.i.embedder.EclipseLogger - skip non existing resourceDirectory /Users/Heman/Documents/workstation/Developement_Studio/Java_Laboratory/Leisure_WorkZones/Eclipse_Workspaces/Workspace-Eclipse-2/algorithm.dynamicprogramming/src/main/resources
2016-01-13 01:14:58,956 [Worker-31] INFO  o.e.m.c.i.embedder.EclipseLogger - Using 'UTF-8' encoding to copy filtered resources.
2016-01-13 01:14:58,956 [Worker-31] INFO  o.e.m.c.i.embedder.EclipseLogger - skip non existing resourceDirectory /Users/Heman/Documents/workstation/Developement_Studio/Java_Laboratory/Leisure_WorkZones/Eclipse_Workspaces/Workspace-Eclipse-2/algorithm.dynamicprogramming/src/test/resources
2016-01-13 01:15:47,460 [Worker-33] INFO  o.e.m.c.i.embedder.EclipseLogger - Using 'UTF-8' encoding to copy filtered resources.
2016-01-13 01:15:47,460 [Worker-33] INFO  o.e.m.c.i.embedder.EclipseLogger - skip non existing resourceDirectory /Users/Heman/Documents/workstation/Developement_Studio/Java_Laboratory/Leisure_WorkZones/Eclipse_Workspaces/Workspace-Eclipse-2/algorithm.dynamicprogramming/src/main/resources
2016-01-13 01:15:47,461 [Worker-33] INFO  o.e.m.c.i.embedder.EclipseLogger - Using 'UTF-8' encoding to copy filtered resources.
2016-01-13 01:15:47,461 [Worker-33] INFO  o.e.m.c.i.embedder.EclipseLogger - skip non existing resourceDirectory /Users/Heman/Documents/workstation/Developement_Studio/Java_Laboratory/Leisure_WorkZones/Eclipse_Workspaces/Workspace-Eclipse-2/algorithm.dynamicprogramming/src/test/resources
2016-01-13 01:17:23,628 [Worker-29] INFO  o.e.m.c.i.embedder.EclipseLogger - Using 'UTF-8' encoding to copy filtered resources.
2016-01-13 01:17:23,628 [Worker-29] INFO  o.e.m.c.i.embedder.EclipseLogger - skip non existing resourceDirectory /Users/Heman/Documents/workstation/Developement_Studio/Java_Laboratory/Leisure_WorkZones/Eclipse_Workspaces/Workspace-Eclipse-2/algorithm.dynamicprogramming/src/main/resources
2016-01-13 01:17:23,629 [Worker-29] INFO  o.e.m.c.i.embedder.EclipseLogger - Using 'UTF-8' encoding to copy filtered resources.
2016-01-13 01:17:23,630 [Worker-29] INFO  o.e.m.c.i.embedder.EclipseLogger - skip non existing resourceDirectory /Users/Heman/Documents/workstation/Developement_Studio/Java_Laboratory/Leisure_WorkZones/Eclipse_Workspaces/Workspace-Eclipse-2/algorithm.dynamicprogramming/src/test/resources
2016-01-13 01:18:11,634 [Worker-29] INFO  o.e.m.c.i.embedder.EclipseLogger - Using 'UTF-8' encoding to copy filtered resources.
2016-01-13 01:18:11,635 [Worker-29] INFO  o.e.m.c.i.embedder.EclipseLogger - skip non existing resourceDirectory /Users/Heman/Documents/workstation/Developement_Studio/Java_Laboratory/Leisure_WorkZones/Eclipse_Workspaces/Workspace-Eclipse-2/algorithm.dynamicprogramming/src/main/resources
2016-01-13 01:18:11,636 [Worker-29] INFO  o.e.m.c.i.embedder.EclipseLogger - Using 'UTF-8' encoding to copy filtered resources.
2016-01-13 01:18:11,636 [Worker-29] INFO  o.e.m.c.i.embedder.EclipseLogger - skip non existing resourceDirectory /Users/Heman/Documents/workstation/Developement_Studio/Java_Laboratory/Leisure_WorkZones/Eclipse_Workspaces/Workspace-Eclipse-2/algorithm.dynamicprogramming/src/test/resources
2016-01-13 01:18:33,865 [Worker-24] INFO  o.e.m.c.i.embedder.EclipseLogger - Using 'UTF-8' encoding to copy filtered resources.
2016-01-13 01:18:33,866 [Worker-24] INFO  o.e.m.c.i.embedder.EclipseLogger - skip non existing resourceDirectory /Users/Heman/Documents/workstation/Developement_Studio/Java_Laboratory/Leisure_WorkZones/Eclipse_Workspaces/Workspace-Eclipse-2/algorithm.dynamicprogramming/src/main/resources
2016-01-13 01:18:33,867 [Worker-24] INFO  o.e.m.c.i.embedder.EclipseLogger - Using 'UTF-8' encoding to copy filtered resources.
2016-01-13 01:18:33,868 [Worker-24] INFO  o.e.m.c.i.embedder.EclipseLogger - skip non existing resourceDirectory /Users/Heman/Documents/workstation/Developement_Studio/Java_Laboratory/Leisure_WorkZones/Eclipse_Workspaces/Workspace-Eclipse-2/algorithm.dynamicprogramming/src/test/resources
2016-01-13 01:19:55,143 [Worker-29] INFO  o.e.m.c.i.embedder.EclipseLogger - Using 'UTF-8' encoding to copy filtered resources.
2016-01-13 01:19:55,143 [Worker-29] INFO  o.e.m.c.i.embedder.EclipseLogger - skip non existing resourceDirectory /Users/Heman/Documents/workstation/Developement_Studio/Java_Laboratory/Leisure_WorkZones/Eclipse_Workspaces/Workspace-Eclipse-2/algorithm.dynamicprogramming/src/main/resources
2016-01-13 01:19:55,144 [Worker-29] INFO  o.e.m.c.i.embedder.EclipseLogger - Using 'UTF-8' encoding to copy filtered resources.
2016-01-13 01:19:55,144 [Worker-29] INFO  o.e.m.c.i.embedder.EclipseLogger - skip non existing resourceDirectory /Users/Heman/Documents/workstation/Developement_Studio/Java_Laboratory/Leisure_WorkZones/Eclipse_Workspaces/Workspace-Eclipse-2/algorithm.dynamicprogramming/src/test/resources
2016-01-13 01:21:00,409 [Worker-29] INFO  o.e.m.c.i.embedder.EclipseLogger - Using 'UTF-8' encoding to copy filtered resources.
2016-01-13 01:21:00,409 [Worker-29] INFO  o.e.m.c.i.embedder.EclipseLogger - skip non existing resourceDirectory /Users/Heman/Documents/workstation/Developement_Studio/Java_Laboratory/Leisure_WorkZones/Eclipse_Workspaces/Workspace-Eclipse-2/algorithm.dynamicprogramming/src/main/resources
2016-01-13 01:21:00,410 [Worker-29] INFO  o.e.m.c.i.embedder.EclipseLogger - Using 'UTF-8' encoding to copy filtered resources.
2016-01-13 01:21:00,410 [Worker-29] INFO  o.e.m.c.i.embedder.EclipseLogger - skip non existing resourceDirectory /Users/Heman/Documents/workstation/Developement_Studio/Java_Laboratory/Leisure_WorkZones/Eclipse_Workspaces/Workspace-Eclipse-2/algorithm.dynamicprogramming/src/test/resources
2016-01-13 01:21:49,992 [Worker-31] INFO  o.e.m.c.i.embedder.EclipseLogger - Using 'UTF-8' encoding to copy filtered resources.
2016-01-13 01:21:49,992 [Worker-31] INFO  o.e.m.c.i.embedder.EclipseLogger - skip non existing resourceDirectory /Users/Heman/Documents/workstation/Developement_Studio/Java_Laboratory/Leisure_WorkZones/Eclipse_Workspaces/Workspace-Eclipse-2/algorithm.dynamicprogramming/src/main/resources
2016-01-13 01:21:49,993 [Worker-31] INFO  o.e.m.c.i.embedder.EclipseLogger - Using 'UTF-8' encoding to copy filtered resources.
2016-01-13 01:21:49,994 [Worker-31] INFO  o.e.m.c.i.embedder.EclipseLogger - skip non existing resourceDirectory /Users/Heman/Documents/workstation/Developement_Studio/Java_Laboratory/Leisure_WorkZones/Eclipse_Workspaces/Workspace-Eclipse-2/algorithm.dynamicprogramming/src/test/resources
2016-01-13 01:22:58,445 [Worker-24] INFO  o.e.m.c.i.embedder.EclipseLogger - Using 'UTF-8' encoding to copy filtered resources.
2016-01-13 01:22:58,445 [Worker-24] INFO  o.e.m.c.i.embedder.EclipseLogger - skip non existing resourceDirectory /Users/Heman/Documents/workstation/Developement_Studio/Java_Laboratory/Leisure_WorkZones/Eclipse_Workspaces/Workspace-Eclipse-2/algorithm.dynamicprogramming/src/main/resources
2016-01-13 01:22:58,447 [Worker-24] INFO  o.e.m.c.i.embedder.EclipseLogger - Using 'UTF-8' encoding to copy filtered resources.
2016-01-13 01:22:58,447 [Worker-24] INFO  o.e.m.c.i.embedder.EclipseLogger - skip non existing resourceDirectory /Users/Heman/Documents/workstation/Developement_Studio/Java_Laboratory/Leisure_WorkZones/Eclipse_Workspaces/Workspace-Eclipse-2/algorithm.dynamicprogramming/src/test/resources
2016-01-13 01:24:31,803 [Worker-28] INFO  o.e.m.c.i.embedder.EclipseLogger - Using 'UTF-8' encoding to copy filtered resources.
2016-01-13 01:24:31,804 [Worker-28] INFO  o.e.m.c.i.embedder.EclipseLogger - skip non existing resourceDirectory /Users/Heman/Documents/workstation/Developement_Studio/Java_Laboratory/Leisure_WorkZones/Eclipse_Workspaces/Workspace-Eclipse-2/algorithm.dynamicprogramming/src/main/resources
2016-01-13 01:24:31,804 [Worker-28] INFO  o.e.m.c.i.embedder.EclipseLogger - Using 'UTF-8' encoding to copy filtered resources.
2016-01-13 01:24:31,805 [Worker-28] INFO  o.e.m.c.i.embedder.EclipseLogger - skip non existing resourceDirectory /Users/Heman/Documents/workstation/Developement_Studio/Java_Laboratory/Leisure_WorkZones/Eclipse_Workspaces/Workspace-Eclipse-2/algorithm.dynamicprogramming/src/test/resources
2016-01-13 01:24:41,045 [Worker-29] INFO  o.e.m.c.i.embedder.EclipseLogger - Using 'UTF-8' encoding to copy filtered resources.
2016-01-13 01:24:41,045 [Worker-29] INFO  o.e.m.c.i.embedder.EclipseLogger - skip non existing resourceDirectory /Users/Heman/Documents/workstation/Developement_Studio/Java_Laboratory/Leisure_WorkZones/Eclipse_Workspaces/Workspace-Eclipse-2/algorithm.dynamicprogramming/src/main/resources
2016-01-13 01:24:41,045 [Worker-29] INFO  o.e.m.c.i.embedder.EclipseLogger - Using 'UTF-8' encoding to copy filtered resources.
2016-01-13 01:24:41,045 [Worker-29] INFO  o.e.m.c.i.embedder.EclipseLogger - skip non existing resourceDirectory /Users/Heman/Documents/workstation/Developement_Studio/Java_Laboratory/Leisure_WorkZones/Eclipse_Workspaces/Workspace-Eclipse-2/algorithm.dynamicprogramming/src/test/resources
2016-01-13 01:24:43,115 [Worker-27] INFO  o.e.m.c.i.embedder.EclipseLogger - Using 'UTF-8' encoding to copy filtered resources.
2016-01-13 01:24:43,115 [Worker-27] INFO  o.e.m.c.i.embedder.EclipseLogger - skip non existing resourceDirectory /Users/Heman/Documents/workstation/Developement_Studio/Java_Laboratory/Leisure_WorkZones/Eclipse_Workspaces/Workspace-Eclipse-2/algorithm.dynamicprogramming/src/main/resources
2016-01-13 01:24:43,116 [Worker-27] INFO  o.e.m.c.i.embedder.EclipseLogger - Using 'UTF-8' encoding to copy filtered resources.
2016-01-13 01:24:43,116 [Worker-27] INFO  o.e.m.c.i.embedder.EclipseLogger - skip non existing resourceDirectory /Users/Heman/Documents/workstation/Developement_Studio/Java_Laboratory/Leisure_WorkZones/Eclipse_Workspaces/Workspace-Eclipse-2/algorithm.dynamicprogramming/src/test/resources
2016-01-13 01:25:19,892 [Worker-33] INFO  o.e.m.c.i.embedder.EclipseLogger - Using 'UTF-8' encoding to copy filtered resources.
2016-01-13 01:25:19,892 [Worker-33] INFO  o.e.m.c.i.embedder.EclipseLogger - skip non existing resourceDirectory /Users/Heman/Documents/workstation/Developement_Studio/Java_Laboratory/Leisure_WorkZones/Eclipse_Workspaces/Workspace-Eclipse-2/algorithm.dynamicprogramming/src/main/resources
2016-01-13 01:25:19,892 [Worker-33] INFO  o.e.m.c.i.embedder.EclipseLogger - Using 'UTF-8' encoding to copy filtered resources.
2016-01-13 01:25:19,892 [Worker-33] INFO  o.e.m.c.i.embedder.EclipseLogger - skip non existing resourceDirectory /Users/Heman/Documents/workstation/Developement_Studio/Java_Laboratory/Leisure_WorkZones/Eclipse_Workspaces/Workspace-Eclipse-2/algorithm.dynamicprogramming/src/test/resources
2016-01-13 01:27:14,119 [Worker-32] INFO  o.e.m.c.i.embedder.EclipseLogger - Using 'UTF-8' encoding to copy filtered resources.
2016-01-13 01:27:14,119 [Worker-32] INFO  o.e.m.c.i.embedder.EclipseLogger - skip non existing resourceDirectory /Users/Heman/Documents/workstation/Developement_Studio/Java_Laboratory/Leisure_WorkZones/Eclipse_Workspaces/Workspace-Eclipse-2/algorithm.dynamicprogramming/src/main/resources
2016-01-13 01:27:14,120 [Worker-32] INFO  o.e.m.c.i.embedder.EclipseLogger - Using 'UTF-8' encoding to copy filtered resources.
2016-01-13 01:27:14,120 [Worker-32] INFO  o.e.m.c.i.embedder.EclipseLogger - skip non existing resourceDirectory /Users/Heman/Documents/workstation/Developement_Studio/Java_Laboratory/Leisure_WorkZones/Eclipse_Workspaces/Workspace-Eclipse-2/algorithm.dynamicprogramming/src/test/resources
2016-01-13 01:30:51,919 [Worker-30] INFO  o.e.m.c.i.embedder.EclipseLogger - Using 'UTF-8' encoding to copy filtered resources.
2016-01-13 01:30:51,920 [Worker-30] INFO  o.e.m.c.i.embedder.EclipseLogger - skip non existing resourceDirectory /Users/Heman/Documents/workstation/Developement_Studio/Java_Laboratory/Leisure_WorkZones/Eclipse_Workspaces/Workspace-Eclipse-2/algorithm.dynamicprogramming/src/main/resources
2016-01-13 01:30:51,921 [Worker-30] INFO  o.e.m.c.i.embedder.EclipseLogger - Using 'UTF-8' encoding to copy filtered resources.
2016-01-13 01:30:51,922 [Worker-30] INFO  o.e.m.c.i.embedder.EclipseLogger - skip non existing resourceDirectory /Users/Heman/Documents/workstation/Developement_Studio/Java_Laboratory/Leisure_WorkZones/Eclipse_Workspaces/Workspace-Eclipse-2/algorithm.dynamicprogramming/src/test/resources
2016-01-13 01:51:07,264 [Worker-43] INFO  o.e.m.c.i.embedder.EclipseLogger - Using 'UTF-8' encoding to copy filtered resources.
2016-01-13 01:51:07,269 [Worker-43] INFO  o.e.m.c.i.embedder.EclipseLogger - skip non existing resourceDirectory /Users/Heman/Documents/workstation/Developement_Studio/Java_Laboratory/Leisure_WorkZones/Eclipse_Workspaces/Workspace-Eclipse-2/algorithm.dynamicprogramming/src/main/resources
2016-01-13 01:51:07,270 [Worker-43] INFO  o.e.m.c.i.embedder.EclipseLogger - Using 'UTF-8' encoding to copy filtered resources.
2016-01-13 01:51:07,271 [Worker-43] INFO  o.e.m.c.i.embedder.EclipseLogger - skip non existing resourceDirectory /Users/Heman/Documents/workstation/Developement_Studio/Java_Laboratory/Leisure_WorkZones/Eclipse_Workspaces/Workspace-Eclipse-2/algorithm.dynamicprogramming/src/test/resources
2016-01-13 01:54:29,988 [Worker-41] INFO  o.e.m.c.i.embedder.EclipseLogger - Using 'UTF-8' encoding to copy filtered resources.
2016-01-13 01:54:29,988 [Worker-41] INFO  o.e.m.c.i.embedder.EclipseLogger - skip non existing resourceDirectory /Users/Heman/Documents/workstation/Developement_Studio/Java_Laboratory/Leisure_WorkZones/Eclipse_Workspaces/Workspace-Eclipse-2/algorithm.dynamicprogramming/src/main/resources
2016-01-13 01:54:29,989 [Worker-41] INFO  o.e.m.c.i.embedder.EclipseLogger - Using 'UTF-8' encoding to copy filtered resources.
2016-01-13 01:54:29,990 [Worker-41] INFO  o.e.m.c.i.embedder.EclipseLogger - skip non existing resourceDirectory /Users/Heman/Documents/workstation/Developement_Studio/Java_Laboratory/Leisure_WorkZones/Eclipse_Workspaces/Workspace-Eclipse-2/algorithm.dynamicprogramming/src/test/resources
2016-01-13 10:06:07,624 [Worker-75] INFO  o.e.m.c.i.embedder.EclipseLogger - Using 'UTF-8' encoding to copy filtered resources.
2016-01-13 10:06:07,627 [Worker-75] INFO  o.e.m.c.i.embedder.EclipseLogger - skip non existing resourceDirectory /Users/Heman/Documents/workstation/Developement_Studio/Java_Laboratory/Leisure_WorkZones/Eclipse_Workspaces/Workspace-Eclipse-2/algorithm.dynamicprogramming/src/main/resources
2016-01-13 10:06:07,629 [Worker-75] INFO  o.e.m.c.i.embedder.EclipseLogger - Using 'UTF-8' encoding to copy filtered resources.
2016-01-13 10:06:07,629 [Worker-75] INFO  o.e.m.c.i.embedder.EclipseLogger - skip non existing resourceDirectory /Users/Heman/Documents/workstation/Developement_Studio/Java_Laboratory/Leisure_WorkZones/Eclipse_Workspaces/Workspace-Eclipse-2/algorithm.dynamicprogramming/src/test/resources
2016-01-13 12:26:57,069 [Worker-3] INFO  o.e.m.c.i.embedder.EclipseLogger - Using 'UTF-8' encoding to copy filtered resources.
2016-01-13 12:26:57,075 [Worker-3] INFO  o.e.m.c.i.embedder.EclipseLogger - skip non existing resourceDirectory /Users/Heman/Documents/workstation/Developement_Studio/Java_Laboratory/Leisure_WorkZones/Eclipse_Workspaces/Workspace-Eclipse-2/algorithm.dynamicprogramming/src/main/resources
2016-01-13 12:26:57,079 [Worker-3] INFO  o.e.m.c.i.embedder.EclipseLogger - Using 'UTF-8' encoding to copy filtered resources.
2016-01-13 12:26:57,080 [Worker-3] INFO  o.e.m.c.i.embedder.EclipseLogger - skip non existing resourceDirectory /Users/Heman/Documents/workstation/Developement_Studio/Java_Laboratory/Leisure_WorkZones/Eclipse_Workspaces/Workspace-Eclipse-2/algorithm.dynamicprogramming/src/test/resources
2016-01-13 12:38:52,238 [Worker-21] INFO  o.e.m.c.i.embedder.EclipseLogger - Using 'UTF-8' encoding to copy filtered resources.
2016-01-13 12:38:52,239 [Worker-21] INFO  o.e.m.c.i.embedder.EclipseLogger - skip non existing resourceDirectory /Users/Heman/Documents/workstation/Developement_Studio/Java_Laboratory/Leisure_WorkZones/Eclipse_Workspaces/Workspace-Eclipse-2/algorithm.dynamicprogramming/src/main/resources
2016-01-13 12:38:52,245 [Worker-21] INFO  o.e.m.c.i.embedder.EclipseLogger - Using 'UTF-8' encoding to copy filtered resources.
2016-01-13 12:38:52,247 [Worker-21] INFO  o.e.m.c.i.embedder.EclipseLogger - skip non existing resourceDirectory /Users/Heman/Documents/workstation/Developement_Studio/Java_Laboratory/Leisure_WorkZones/Eclipse_Workspaces/Workspace-Eclipse-2/algorithm.dynamicprogramming/src/test/resources
2016-01-13 12:39:28,713 [Worker-22] INFO  o.e.m.c.i.embedder.EclipseLogger - Using 'UTF-8' encoding to copy filtered resources.
2016-01-13 12:39:28,713 [Worker-22] INFO  o.e.m.c.i.embedder.EclipseLogger - skip non existing resourceDirectory /Users/Heman/Documents/workstation/Developement_Studio/Java_Laboratory/Leisure_WorkZones/Eclipse_Workspaces/Workspace-Eclipse-2/algorithm.dynamicprogramming/src/main/resources
2016-01-13 12:39:28,715 [Worker-22] INFO  o.e.m.c.i.embedder.EclipseLogger - Using 'UTF-8' encoding to copy filtered resources.
2016-01-13 12:39:28,715 [Worker-22] INFO  o.e.m.c.i.embedder.EclipseLogger - skip non existing resourceDirectory /Users/Heman/Documents/workstation/Developement_Studio/Java_Laboratory/Leisure_WorkZones/Eclipse_Workspaces/Workspace-Eclipse-2/algorithm.dynamicprogramming/src/test/resources
2016-01-13 12:40:35,350 [Worker-1] INFO  o.e.m.c.i.embedder.EclipseLogger - Using 'UTF-8' encoding to copy filtered resources.
2016-01-13 12:40:35,351 [Worker-1] INFO  o.e.m.c.i.embedder.EclipseLogger - skip non existing resourceDirectory /Users/Heman/Documents/workstation/Developement_Studio/Java_Laboratory/Leisure_WorkZones/Eclipse_Workspaces/Workspace-Eclipse-2/algorithm.dynamicprogramming/src/main/resources
2016-01-13 12:40:35,352 [Worker-1] INFO  o.e.m.c.i.embedder.EclipseLogger - Using 'UTF-8' encoding to copy filtered resources.
2016-01-13 12:40:35,352 [Worker-1] INFO  o.e.m.c.i.embedder.EclipseLogger - skip non existing resourceDirectory /Users/Heman/Documents/workstation/Developement_Studio/Java_Laboratory/Leisure_WorkZones/Eclipse_Workspaces/Workspace-Eclipse-2/algorithm.dynamicprogramming/src/test/resources
2016-01-13 12:58:34,260 [Worker-15] INFO  o.e.m.c.i.embedder.EclipseLogger - Using 'UTF-8' encoding to copy filtered resources.
2016-01-13 12:58:34,265 [Worker-15] INFO  o.e.m.c.i.embedder.EclipseLogger - skip non existing resourceDirectory /Users/Heman/Documents/workstation/Developement_Studio/Java_Laboratory/Leisure_WorkZones/Eclipse_Workspaces/Workspace-Eclipse-2/algorithm.dynamicprogramming/src/main/resources
2016-01-13 12:58:34,267 [Worker-15] INFO  o.e.m.c.i.embedder.EclipseLogger - Using 'UTF-8' encoding to copy filtered resources.
2016-01-13 12:58:34,268 [Worker-15] INFO  o.e.m.c.i.embedder.EclipseLogger - skip non existing resourceDirectory /Users/Heman/Documents/workstation/Developement_Studio/Java_Laboratory/Leisure_WorkZones/Eclipse_Workspaces/Workspace-Eclipse-2/algorithm.dynamicprogramming/src/test/resources
2016-01-13 13:02:02,377 [Worker-4] INFO  o.e.m.c.i.embedder.EclipseLogger - Using 'UTF-8' encoding to copy filtered resources.
2016-01-13 13:02:02,378 [Worker-4] INFO  o.e.m.c.i.embedder.EclipseLogger - skip non existing resourceDirectory /Users/Heman/Documents/workstation/Developement_Studio/Java_Laboratory/Leisure_WorkZones/Eclipse_Workspaces/Workspace-Eclipse-2/algorithm.dynamicprogramming/src/main/resources
2016-01-13 13:02:02,380 [Worker-4] INFO  o.e.m.c.i.embedder.EclipseLogger - Using 'UTF-8' encoding to copy filtered resources.
2016-01-13 13:02:02,381 [Worker-4] INFO  o.e.m.c.i.embedder.EclipseLogger - skip non existing resourceDirectory /Users/Heman/Documents/workstation/Developement_Studio/Java_Laboratory/Leisure_WorkZones/Eclipse_Workspaces/Workspace-Eclipse-2/algorithm.dynamicprogramming/src/test/resources
2016-01-13 13:02:13,360 [Worker-11] INFO  o.e.m.c.i.embedder.EclipseLogger - Using 'UTF-8' encoding to copy filtered resources.
2016-01-13 13:02:13,360 [Worker-11] INFO  o.e.m.c.i.embedder.EclipseLogger - skip non existing resourceDirectory /Users/Heman/Documents/workstation/Developement_Studio/Java_Laboratory/Leisure_WorkZones/Eclipse_Workspaces/Workspace-Eclipse-2/algorithm.dynamicprogramming/src/main/resources
2016-01-13 13:02:13,361 [Worker-11] INFO  o.e.m.c.i.embedder.EclipseLogger - Using 'UTF-8' encoding to copy filtered resources.
2016-01-13 13:02:13,362 [Worker-11] INFO  o.e.m.c.i.embedder.EclipseLogger - skip non existing resourceDirectory /Users/Heman/Documents/workstation/Developement_Studio/Java_Laboratory/Leisure_WorkZones/Eclipse_Workspaces/Workspace-Eclipse-2/algorithm.dynamicprogramming/src/test/resources
2016-01-13 13:02:29,505 [Worker-12] INFO  o.e.m.c.i.embedder.EclipseLogger - Using 'UTF-8' encoding to copy filtered resources.
2016-01-13 13:02:29,505 [Worker-12] INFO  o.e.m.c.i.embedder.EclipseLogger - skip non existing resourceDirectory /Users/Heman/Documents/workstation/Developement_Studio/Java_Laboratory/Leisure_WorkZones/Eclipse_Workspaces/Workspace-Eclipse-2/algorithm.dynamicprogramming/src/main/resources
2016-01-13 13:02:29,507 [Worker-12] INFO  o.e.m.c.i.embedder.EclipseLogger - Using 'UTF-8' encoding to copy filtered resources.
2016-01-13 13:02:29,507 [Worker-12] INFO  o.e.m.c.i.embedder.EclipseLogger - skip non existing resourceDirectory /Users/Heman/Documents/workstation/Developement_Studio/Java_Laboratory/Leisure_WorkZones/Eclipse_Workspaces/Workspace-Eclipse-2/algorithm.dynamicprogramming/src/test/resources
2016-01-13 13:39:40,349 [Worker-26] INFO  o.e.m.c.i.embedder.EclipseLogger - Using 'UTF-8' encoding to copy filtered resources.
2016-01-13 13:39:40,350 [Worker-26] INFO  o.e.m.c.i.embedder.EclipseLogger - skip non existing resourceDirectory /Users/Heman/Documents/workstation/Developement_Studio/Java_Laboratory/Leisure_WorkZones/Eclipse_Workspaces/Workspace-Eclipse-2/algorithm.dynamicprogramming/src/main/resources
2016-01-13 13:39:40,352 [Worker-26] INFO  o.e.m.c.i.embedder.EclipseLogger - Using 'UTF-8' encoding to copy filtered resources.
2016-01-13 13:39:40,352 [Worker-26] INFO  o.e.m.c.i.embedder.EclipseLogger - skip non existing resourceDirectory /Users/Heman/Documents/workstation/Developement_Studio/Java_Laboratory/Leisure_WorkZones/Eclipse_Workspaces/Workspace-Eclipse-2/algorithm.dynamicprogramming/src/test/resources
2016-01-13 13:40:12,209 [Worker-23] INFO  o.e.m.c.i.embedder.EclipseLogger - Using 'UTF-8' encoding to copy filtered resources.
2016-01-13 13:40:12,210 [Worker-23] INFO  o.e.m.c.i.embedder.EclipseLogger - skip non existing resourceDirectory /Users/Heman/Documents/workstation/Developement_Studio/Java_Laboratory/Leisure_WorkZones/Eclipse_Workspaces/Workspace-Eclipse-2/algorithm.dynamicprogramming/src/main/resources
2016-01-13 13:40:12,211 [Worker-23] INFO  o.e.m.c.i.embedder.EclipseLogger - Using 'UTF-8' encoding to copy filtered resources.
2016-01-13 13:40:12,211 [Worker-23] INFO  o.e.m.c.i.embedder.EclipseLogger - skip non existing resourceDirectory /Users/Heman/Documents/workstation/Developement_Studio/Java_Laboratory/Leisure_WorkZones/Eclipse_Workspaces/Workspace-Eclipse-2/algorithm.dynamicprogramming/src/test/resources
2016-01-13 13:40:45,237 [Worker-14] INFO  o.e.m.c.i.embedder.EclipseLogger - Using 'UTF-8' encoding to copy filtered resources.
2016-01-13 13:40:45,238 [Worker-14] INFO  o.e.m.c.i.embedder.EclipseLogger - skip non existing resourceDirectory /Users/Heman/Documents/workstation/Developement_Studio/Java_Laboratory/Leisure_WorkZones/Eclipse_Workspaces/Workspace-Eclipse-2/algorithm.dynamicprogramming/src/main/resources
2016-01-13 13:40:45,239 [Worker-14] INFO  o.e.m.c.i.embedder.EclipseLogger - Using 'UTF-8' encoding to copy filtered resources.
2016-01-13 13:40:45,239 [Worker-14] INFO  o.e.m.c.i.embedder.EclipseLogger - skip non existing resourceDirectory /Users/Heman/Documents/workstation/Developement_Studio/Java_Laboratory/Leisure_WorkZones/Eclipse_Workspaces/Workspace-Eclipse-2/algorithm.dynamicprogramming/src/test/resources
2016-01-13 13:41:11,355 [Worker-14] INFO  o.e.m.c.i.embedder.EclipseLogger - Using 'UTF-8' encoding to copy filtered resources.
2016-01-13 13:41:11,356 [Worker-14] INFO  o.e.m.c.i.embedder.EclipseLogger - skip non existing resourceDirectory /Users/Heman/Documents/workstation/Developement_Studio/Java_Laboratory/Leisure_WorkZones/Eclipse_Workspaces/Workspace-Eclipse-2/algorithm.dynamicprogramming/src/main/resources
2016-01-13 13:41:11,361 [Worker-14] INFO  o.e.m.c.i.embedder.EclipseLogger - Using 'UTF-8' encoding to copy filtered resources.
2016-01-13 13:41:11,361 [Worker-14] INFO  o.e.m.c.i.embedder.EclipseLogger - skip non existing resourceDirectory /Users/Heman/Documents/workstation/Developement_Studio/Java_Laboratory/Leisure_WorkZones/Eclipse_Workspaces/Workspace-Eclipse-2/algorithm.dynamicprogramming/src/test/resources
2016-01-13 13:41:36,995 [Worker-23] INFO  o.e.m.c.i.embedder.EclipseLogger - Using 'UTF-8' encoding to copy filtered resources.
2016-01-13 13:41:36,996 [Worker-23] INFO  o.e.m.c.i.embedder.EclipseLogger - skip non existing resourceDirectory /Users/Heman/Documents/workstation/Developement_Studio/Java_Laboratory/Leisure_WorkZones/Eclipse_Workspaces/Workspace-Eclipse-2/algorithm.dynamicprogramming/src/main/resources
2016-01-13 13:41:36,998 [Worker-23] INFO  o.e.m.c.i.embedder.EclipseLogger - Using 'UTF-8' encoding to copy filtered resources.
2016-01-13 13:41:36,999 [Worker-23] INFO  o.e.m.c.i.embedder.EclipseLogger - skip non existing resourceDirectory /Users/Heman/Documents/workstation/Developement_Studio/Java_Laboratory/Leisure_WorkZones/Eclipse_Workspaces/Workspace-Eclipse-2/algorithm.dynamicprogramming/src/test/resources
2016-01-13 14:22:28,960 [Worker-44] INFO  o.e.m.c.i.embedder.EclipseLogger - Using 'UTF-8' encoding to copy filtered resources.
2016-01-13 14:22:28,961 [Worker-44] INFO  o.e.m.c.i.embedder.EclipseLogger - skip non existing resourceDirectory /Users/Heman/Documents/workstation/Developement_Studio/Java_Laboratory/Leisure_WorkZones/Eclipse_Workspaces/Workspace-Eclipse-2/algorithm.dynamicprogramming/src/main/resources
2016-01-13 14:22:28,962 [Worker-44] INFO  o.e.m.c.i.embedder.EclipseLogger - Using 'UTF-8' encoding to copy filtered resources.
2016-01-13 14:22:28,962 [Worker-44] INFO  o.e.m.c.i.embedder.EclipseLogger - skip non existing resourceDirectory /Users/Heman/Documents/workstation/Developement_Studio/Java_Laboratory/Leisure_WorkZones/Eclipse_Workspaces/Workspace-Eclipse-2/algorithm.dynamicprogramming/src/test/resources
2016-01-13 14:22:57,242 [Worker-39] INFO  o.e.m.c.i.embedder.EclipseLogger - Using 'UTF-8' encoding to copy filtered resources.
2016-01-13 14:22:57,242 [Worker-39] INFO  o.e.m.c.i.embedder.EclipseLogger - skip non existing resourceDirectory /Users/Heman/Documents/workstation/Developement_Studio/Java_Laboratory/Leisure_WorkZones/Eclipse_Workspaces/Workspace-Eclipse-2/algorithm.dynamicprogramming/src/main/resources
2016-01-13 14:22:57,244 [Worker-39] INFO  o.e.m.c.i.embedder.EclipseLogger - Using 'UTF-8' encoding to copy filtered resources.
2016-01-13 14:22:57,244 [Worker-39] INFO  o.e.m.c.i.embedder.EclipseLogger - skip non existing resourceDirectory /Users/Heman/Documents/workstation/Developement_Studio/Java_Laboratory/Leisure_WorkZones/Eclipse_Workspaces/Workspace-Eclipse-2/algorithm.dynamicprogramming/src/test/resources
2016-01-13 14:23:10,180 [Worker-39] INFO  o.e.m.c.i.embedder.EclipseLogger - Using 'UTF-8' encoding to copy filtered resources.
2016-01-13 14:23:10,181 [Worker-39] INFO  o.e.m.c.i.embedder.EclipseLogger - skip non existing resourceDirectory /Users/Heman/Documents/workstation/Developement_Studio/Java_Laboratory/Leisure_WorkZones/Eclipse_Workspaces/Workspace-Eclipse-2/algorithm.dynamicprogramming/src/main/resources
2016-01-13 14:23:10,182 [Worker-39] INFO  o.e.m.c.i.embedder.EclipseLogger - Using 'UTF-8' encoding to copy filtered resources.
2016-01-13 14:23:10,183 [Worker-39] INFO  o.e.m.c.i.embedder.EclipseLogger - skip non existing resourceDirectory /Users/Heman/Documents/workstation/Developement_Studio/Java_Laboratory/Leisure_WorkZones/Eclipse_Workspaces/Workspace-Eclipse-2/algorithm.dynamicprogramming/src/test/resources
2016-01-13 17:31:13,085 [Worker-60] INFO  o.e.m.c.i.embedder.EclipseLogger - Using 'UTF-8' encoding to copy filtered resources.
2016-01-13 17:31:13,087 [Worker-60] INFO  o.e.m.c.i.embedder.EclipseLogger - skip non existing resourceDirectory /Users/Heman/Documents/workstation/Developement_Studio/Java_Laboratory/Leisure_WorkZones/Eclipse_Workspaces/Workspace-Eclipse-2/algorithm.dynamicprogramming/src/main/resources
2016-01-13 17:31:13,088 [Worker-60] INFO  o.e.m.c.i.embedder.EclipseLogger - Using 'UTF-8' encoding to copy filtered resources.
2016-01-13 17:31:13,088 [Worker-60] INFO  o.e.m.c.i.embedder.EclipseLogger - skip non existing resourceDirectory /Users/Heman/Documents/workstation/Developement_Studio/Java_Laboratory/Leisure_WorkZones/Eclipse_Workspaces/Workspace-Eclipse-2/algorithm.dynamicprogramming/src/test/resources
2016-01-13 17:32:24,425 [Worker-42] INFO  o.e.m.c.i.embedder.EclipseLogger - Using 'UTF-8' encoding to copy filtered resources.
2016-01-13 17:32:24,426 [Worker-42] INFO  o.e.m.c.i.embedder.EclipseLogger - skip non existing resourceDirectory /Users/Heman/Documents/workstation/Developement_Studio/Java_Laboratory/Leisure_WorkZones/Eclipse_Workspaces/Workspace-Eclipse-2/algorithm.dynamicprogramming/src/main/resources
2016-01-13 17:32:24,427 [Worker-42] INFO  o.e.m.c.i.embedder.EclipseLogger - Using 'UTF-8' encoding to copy filtered resources.
2016-01-13 17:32:24,427 [Worker-42] INFO  o.e.m.c.i.embedder.EclipseLogger - skip non existing resourceDirectory /Users/Heman/Documents/workstation/Developement_Studio/Java_Laboratory/Leisure_WorkZones/Eclipse_Workspaces/Workspace-Eclipse-2/algorithm.dynamicprogramming/src/test/resources
2016-01-13 17:32:29,892 [Worker-68] INFO  o.e.m.c.i.embedder.EclipseLogger - Using 'UTF-8' encoding to copy filtered resources.
2016-01-13 17:32:29,892 [Worker-68] INFO  o.e.m.c.i.embedder.EclipseLogger - skip non existing resourceDirectory /Users/Heman/Documents/workstation/Developement_Studio/Java_Laboratory/Leisure_WorkZones/Eclipse_Workspaces/Workspace-Eclipse-2/algorithm.dynamicprogramming/src/main/resources
2016-01-13 17:32:29,893 [Worker-68] INFO  o.e.m.c.i.embedder.EclipseLogger - Using 'UTF-8' encoding to copy filtered resources.
2016-01-13 17:32:29,893 [Worker-68] INFO  o.e.m.c.i.embedder.EclipseLogger - skip non existing resourceDirectory /Users/Heman/Documents/workstation/Developement_Studio/Java_Laboratory/Leisure_WorkZones/Eclipse_Workspaces/Workspace-Eclipse-2/algorithm.dynamicprogramming/src/test/resources
2016-01-13 17:34:09,884 [Worker-60] INFO  o.e.m.c.i.embedder.EclipseLogger - Using 'UTF-8' encoding to copy filtered resources.
2016-01-13 17:34:09,885 [Worker-60] INFO  o.e.m.c.i.embedder.EclipseLogger - skip non existing resourceDirectory /Users/Heman/Documents/workstation/Developement_Studio/Java_Laboratory/Leisure_WorkZones/Eclipse_Workspaces/Workspace-Eclipse-2/algorithm.dynamicprogramming/src/main/resources
2016-01-13 17:34:09,889 [Worker-60] INFO  o.e.m.c.i.embedder.EclipseLogger - Using 'UTF-8' encoding to copy filtered resources.
2016-01-13 17:34:09,889 [Worker-60] INFO  o.e.m.c.i.embedder.EclipseLogger - skip non existing resourceDirectory /Users/Heman/Documents/workstation/Developement_Studio/Java_Laboratory/Leisure_WorkZones/Eclipse_Workspaces/Workspace-Eclipse-2/algorithm.dynamicprogramming/src/test/resources
2016-01-13 17:39:49,254 [Worker-66] INFO  o.e.m.c.i.embedder.EclipseLogger - Using 'UTF-8' encoding to copy filtered resources.
2016-01-13 17:39:49,255 [Worker-66] INFO  o.e.m.c.i.embedder.EclipseLogger - skip non existing resourceDirectory /Users/Heman/Documents/workstation/Developement_Studio/Java_Laboratory/Leisure_WorkZones/Eclipse_Workspaces/Workspace-Eclipse-2/algorithm.dynamicprogramming/src/main/resources
2016-01-13 17:39:49,256 [Worker-66] INFO  o.e.m.c.i.embedder.EclipseLogger - Using 'UTF-8' encoding to copy filtered resources.
2016-01-13 17:39:49,256 [Worker-66] INFO  o.e.m.c.i.embedder.EclipseLogger - skip non existing resourceDirectory /Users/Heman/Documents/workstation/Developement_Studio/Java_Laboratory/Leisure_WorkZones/Eclipse_Workspaces/Workspace-Eclipse-2/algorithm.dynamicprogramming/src/test/resources
2016-01-13 17:40:06,676 [Worker-40] INFO  o.e.m.c.i.embedder.EclipseLogger - Using 'UTF-8' encoding to copy filtered resources.
2016-01-13 17:40:06,677 [Worker-40] INFO  o.e.m.c.i.embedder.EclipseLogger - skip non existing resourceDirectory /Users/Heman/Documents/workstation/Developement_Studio/Java_Laboratory/Leisure_WorkZones/Eclipse_Workspaces/Workspace-Eclipse-2/algorithm.dynamicprogramming/src/main/resources
2016-01-13 17:40:06,678 [Worker-40] INFO  o.e.m.c.i.embedder.EclipseLogger - Using 'UTF-8' encoding to copy filtered resources.
2016-01-13 17:40:06,678 [Worker-40] INFO  o.e.m.c.i.embedder.EclipseLogger - skip non existing resourceDirectory /Users/Heman/Documents/workstation/Developement_Studio/Java_Laboratory/Leisure_WorkZones/Eclipse_Workspaces/Workspace-Eclipse-2/algorithm.dynamicprogramming/src/test/resources
2016-01-13 18:09:15,257 [Worker-77] INFO  o.e.m.c.i.embedder.EclipseLogger - Using 'UTF-8' encoding to copy filtered resources.
2016-01-13 18:09:15,258 [Worker-77] INFO  o.e.m.c.i.embedder.EclipseLogger - skip non existing resourceDirectory /Users/Heman/Documents/workstation/Developement_Studio/Java_Laboratory/Leisure_WorkZones/Eclipse_Workspaces/Workspace-Eclipse-2/algorithm.dynamicprogramming/src/main/resources
2016-01-13 18:09:15,260 [Worker-77] INFO  o.e.m.c.i.embedder.EclipseLogger - Using 'UTF-8' encoding to copy filtered resources.
2016-01-13 18:09:15,260 [Worker-77] INFO  o.e.m.c.i.embedder.EclipseLogger - skip non existing resourceDirectory /Users/Heman/Documents/workstation/Developement_Studio/Java_Laboratory/Leisure_WorkZones/Eclipse_Workspaces/Workspace-Eclipse-2/algorithm.dynamicprogramming/src/test/resources
2016-01-13 18:09:53,913 [Worker-79] INFO  o.e.m.c.i.embedder.EclipseLogger - Using 'UTF-8' encoding to copy filtered resources.
2016-01-13 18:09:53,913 [Worker-79] INFO  o.e.m.c.i.embedder.EclipseLogger - skip non existing resourceDirectory /Users/Heman/Documents/workstation/Developement_Studio/Java_Laboratory/Leisure_WorkZones/Eclipse_Workspaces/Workspace-Eclipse-2/algorithm.dynamicprogramming/src/main/resources
2016-01-13 18:09:53,914 [Worker-79] INFO  o.e.m.c.i.embedder.EclipseLogger - Using 'UTF-8' encoding to copy filtered resources.
2016-01-13 18:09:53,915 [Worker-79] INFO  o.e.m.c.i.embedder.EclipseLogger - skip non existing resourceDirectory /Users/Heman/Documents/workstation/Developement_Studio/Java_Laboratory/Leisure_WorkZones/Eclipse_Workspaces/Workspace-Eclipse-2/algorithm.dynamicprogramming/src/test/resources
2016-01-13 18:25:51,892 [Worker-83] INFO  o.e.m.c.i.embedder.EclipseLogger - Using 'UTF-8' encoding to copy filtered resources.
2016-01-13 18:25:51,898 [Worker-83] INFO  o.e.m.c.i.embedder.EclipseLogger - skip non existing resourceDirectory /Users/Heman/Documents/workstation/Developement_Studio/Java_Laboratory/Leisure_WorkZones/Eclipse_Workspaces/Workspace-Eclipse-2/algorithm.dynamicprogramming/src/main/resources
2016-01-13 18:25:51,899 [Worker-83] INFO  o.e.m.c.i.embedder.EclipseLogger - Using 'UTF-8' encoding to copy filtered resources.
2016-01-13 18:25:51,899 [Worker-83] INFO  o.e.m.c.i.embedder.EclipseLogger - skip non existing resourceDirectory /Users/Heman/Documents/workstation/Developement_Studio/Java_Laboratory/Leisure_WorkZones/Eclipse_Workspaces/Workspace-Eclipse-2/algorithm.dynamicprogramming/src/test/resources
2016-01-13 18:26:46,018 [Worker-84] INFO  o.e.m.c.i.embedder.EclipseLogger - Using 'UTF-8' encoding to copy filtered resources.
2016-01-13 18:26:46,018 [Worker-84] INFO  o.e.m.c.i.embedder.EclipseLogger - skip non existing resourceDirectory /Users/Heman/Documents/workstation/Developement_Studio/Java_Laboratory/Leisure_WorkZones/Eclipse_Workspaces/Workspace-Eclipse-2/algorithm.dynamicprogramming/src/main/resources
2016-01-13 18:26:46,019 [Worker-84] INFO  o.e.m.c.i.embedder.EclipseLogger - Using 'UTF-8' encoding to copy filtered resources.
2016-01-13 18:26:46,019 [Worker-84] INFO  o.e.m.c.i.embedder.EclipseLogger - skip non existing resourceDirectory /Users/Heman/Documents/workstation/Developement_Studio/Java_Laboratory/Leisure_WorkZones/Eclipse_Workspaces/Workspace-Eclipse-2/algorithm.dynamicprogramming/src/test/resources
2016-01-13 18:27:11,126 [Worker-86] INFO  o.e.m.c.i.embedder.EclipseLogger - Using 'UTF-8' encoding to copy filtered resources.
2016-01-13 18:27:11,126 [Worker-86] INFO  o.e.m.c.i.embedder.EclipseLogger - skip non existing resourceDirectory /Users/Heman/Documents/workstation/Developement_Studio/Java_Laboratory/Leisure_WorkZones/Eclipse_Workspaces/Workspace-Eclipse-2/algorithm.dynamicprogramming/src/main/resources
2016-01-13 18:27:11,127 [Worker-86] INFO  o.e.m.c.i.embedder.EclipseLogger - Using 'UTF-8' encoding to copy filtered resources.
2016-01-13 18:27:11,127 [Worker-86] INFO  o.e.m.c.i.embedder.EclipseLogger - skip non existing resourceDirectory /Users/Heman/Documents/workstation/Developement_Studio/Java_Laboratory/Leisure_WorkZones/Eclipse_Workspaces/Workspace-Eclipse-2/algorithm.dynamicprogramming/src/test/resources
2016-01-13 18:33:08,758 [Worker-83] INFO  o.e.m.c.i.embedder.EclipseLogger - Using 'UTF-8' encoding to copy filtered resources.
2016-01-13 18:33:08,760 [Worker-83] INFO  o.e.m.c.i.embedder.EclipseLogger - skip non existing resourceDirectory /Users/Heman/Documents/workstation/Developement_Studio/Java_Laboratory/Leisure_WorkZones/Eclipse_Workspaces/Workspace-Eclipse-2/algorithm.dynamicprogramming/src/main/resources
2016-01-13 18:33:08,761 [Worker-83] INFO  o.e.m.c.i.embedder.EclipseLogger - Using 'UTF-8' encoding to copy filtered resources.
2016-01-13 18:33:08,761 [Worker-83] INFO  o.e.m.c.i.embedder.EclipseLogger - skip non existing resourceDirectory /Users/Heman/Documents/workstation/Developement_Studio/Java_Laboratory/Leisure_WorkZones/Eclipse_Workspaces/Workspace-Eclipse-2/algorithm.dynamicprogramming/src/test/resources
2016-01-13 18:33:29,713 [Worker-80] INFO  o.e.m.c.i.embedder.EclipseLogger - Using 'UTF-8' encoding to copy filtered resources.
2016-01-13 18:33:29,713 [Worker-80] INFO  o.e.m.c.i.embedder.EclipseLogger - skip non existing resourceDirectory /Users/Heman/Documents/workstation/Developement_Studio/Java_Laboratory/Leisure_WorkZones/Eclipse_Workspaces/Workspace-Eclipse-2/algorithm.dynamicprogramming/src/main/resources
2016-01-13 18:33:29,714 [Worker-80] INFO  o.e.m.c.i.embedder.EclipseLogger - Using 'UTF-8' encoding to copy filtered resources.
2016-01-13 18:33:29,714 [Worker-80] INFO  o.e.m.c.i.embedder.EclipseLogger - skip non existing resourceDirectory /Users/Heman/Documents/workstation/Developement_Studio/Java_Laboratory/Leisure_WorkZones/Eclipse_Workspaces/Workspace-Eclipse-2/algorithm.dynamicprogramming/src/test/resources
2016-01-13 18:34:46,373 [Worker-89] INFO  o.e.m.c.i.embedder.EclipseLogger - Using 'UTF-8' encoding to copy filtered resources.
2016-01-13 18:34:46,373 [Worker-89] INFO  o.e.m.c.i.embedder.EclipseLogger - skip non existing resourceDirectory /Users/Heman/Documents/workstation/Developement_Studio/Java_Laboratory/Leisure_WorkZones/Eclipse_Workspaces/Workspace-Eclipse-2/algorithm.dynamicprogramming/src/main/resources
2016-01-13 18:34:46,375 [Worker-89] INFO  o.e.m.c.i.embedder.EclipseLogger - Using 'UTF-8' encoding to copy filtered resources.
2016-01-13 18:34:46,375 [Worker-89] INFO  o.e.m.c.i.embedder.EclipseLogger - skip non existing resourceDirectory /Users/Heman/Documents/workstation/Developement_Studio/Java_Laboratory/Leisure_WorkZones/Eclipse_Workspaces/Workspace-Eclipse-2/algorithm.dynamicprogramming/src/test/resources
2016-01-13 18:35:01,611 [Worker-80] INFO  o.e.m.c.i.embedder.EclipseLogger - Using 'UTF-8' encoding to copy filtered resources.
2016-01-13 18:35:01,612 [Worker-80] INFO  o.e.m.c.i.embedder.EclipseLogger - skip non existing resourceDirectory /Users/Heman/Documents/workstation/Developement_Studio/Java_Laboratory/Leisure_WorkZones/Eclipse_Workspaces/Workspace-Eclipse-2/algorithm.dynamicprogramming/src/main/resources
2016-01-13 18:35:01,613 [Worker-80] INFO  o.e.m.c.i.embedder.EclipseLogger - Using 'UTF-8' encoding to copy filtered resources.
2016-01-13 18:35:01,613 [Worker-80] INFO  o.e.m.c.i.embedder.EclipseLogger - skip non existing resourceDirectory /Users/Heman/Documents/workstation/Developement_Studio/Java_Laboratory/Leisure_WorkZones/Eclipse_Workspaces/Workspace-Eclipse-2/algorithm.dynamicprogramming/src/test/resources
2016-01-13 18:53:08,876 [Worker-94] INFO  o.e.m.c.i.embedder.EclipseLogger - Using 'UTF-8' encoding to copy filtered resources.
2016-01-13 18:53:08,877 [Worker-94] INFO  o.e.m.c.i.embedder.EclipseLogger - skip non existing resourceDirectory /Users/Heman/Documents/workstation/Developement_Studio/Java_Laboratory/Leisure_WorkZones/Eclipse_Workspaces/Workspace-Eclipse-2/algorithm.dynamicprogramming/src/main/resources
2016-01-13 18:53:08,878 [Worker-94] INFO  o.e.m.c.i.embedder.EclipseLogger - Using 'UTF-8' encoding to copy filtered resources.
2016-01-13 18:53:08,878 [Worker-94] INFO  o.e.m.c.i.embedder.EclipseLogger - skip non existing resourceDirectory /Users/Heman/Documents/workstation/Developement_Studio/Java_Laboratory/Leisure_WorkZones/Eclipse_Workspaces/Workspace-Eclipse-2/algorithm.dynamicprogramming/src/test/resources
2016-01-13 18:53:16,110 [Worker-92] INFO  o.e.m.c.i.embedder.EclipseLogger - Using 'UTF-8' encoding to copy filtered resources.
2016-01-13 18:53:16,111 [Worker-92] INFO  o.e.m.c.i.embedder.EclipseLogger - skip non existing resourceDirectory /Users/Heman/Documents/workstation/Developement_Studio/Java_Laboratory/Leisure_WorkZones/Eclipse_Workspaces/Workspace-Eclipse-2/algorithm.dynamicprogramming/src/main/resources
2016-01-13 18:53:16,112 [Worker-92] INFO  o.e.m.c.i.embedder.EclipseLogger - Using 'UTF-8' encoding to copy filtered resources.
2016-01-13 18:53:16,112 [Worker-92] INFO  o.e.m.c.i.embedder.EclipseLogger - skip non existing resourceDirectory /Users/Heman/Documents/workstation/Developement_Studio/Java_Laboratory/Leisure_WorkZones/Eclipse_Workspaces/Workspace-Eclipse-2/algorithm.dynamicprogramming/src/test/resources
2016-01-13 18:56:39,647 [Worker-94] INFO  o.e.m.c.i.embedder.EclipseLogger - Using 'UTF-8' encoding to copy filtered resources.
2016-01-13 18:56:39,648 [Worker-94] INFO  o.e.m.c.i.embedder.EclipseLogger - skip non existing resourceDirectory /Users/Heman/Documents/workstation/Developement_Studio/Java_Laboratory/Leisure_WorkZones/Eclipse_Workspaces/Workspace-Eclipse-2/algorithm.dynamicprogramming/src/main/resources
2016-01-13 18:56:39,650 [Worker-94] INFO  o.e.m.c.i.embedder.EclipseLogger - Using 'UTF-8' encoding to copy filtered resources.
2016-01-13 18:56:39,650 [Worker-94] INFO  o.e.m.c.i.embedder.EclipseLogger - skip non existing resourceDirectory /Users/Heman/Documents/workstation/Developement_Studio/Java_Laboratory/Leisure_WorkZones/Eclipse_Workspaces/Workspace-Eclipse-2/algorithm.dynamicprogramming/src/test/resources
2016-01-13 18:57:02,968 [Worker-95] INFO  o.e.m.c.i.embedder.EclipseLogger - Using 'UTF-8' encoding to copy filtered resources.
2016-01-13 18:57:02,969 [Worker-95] INFO  o.e.m.c.i.embedder.EclipseLogger - skip non existing resourceDirectory /Users/Heman/Documents/workstation/Developement_Studio/Java_Laboratory/Leisure_WorkZones/Eclipse_Workspaces/Workspace-Eclipse-2/algorithm.dynamicprogramming/src/main/resources
2016-01-13 18:57:02,970 [Worker-95] INFO  o.e.m.c.i.embedder.EclipseLogger - Using 'UTF-8' encoding to copy filtered resources.
2016-01-13 18:57:02,970 [Worker-95] INFO  o.e.m.c.i.embedder.EclipseLogger - skip non existing resourceDirectory /Users/Heman/Documents/workstation/Developement_Studio/Java_Laboratory/Leisure_WorkZones/Eclipse_Workspaces/Workspace-Eclipse-2/algorithm.dynamicprogramming/src/test/resources
2016-01-13 18:57:16,358 [Worker-97] INFO  o.e.m.c.i.embedder.EclipseLogger - Using 'UTF-8' encoding to copy filtered resources.
2016-01-13 18:57:16,358 [Worker-97] INFO  o.e.m.c.i.embedder.EclipseLogger - skip non existing resourceDirectory /Users/Heman/Documents/workstation/Developement_Studio/Java_Laboratory/Leisure_WorkZones/Eclipse_Workspaces/Workspace-Eclipse-2/algorithm.dynamicprogramming/src/main/resources
2016-01-13 18:57:16,359 [Worker-97] INFO  o.e.m.c.i.embedder.EclipseLogger - Using 'UTF-8' encoding to copy filtered resources.
2016-01-13 18:57:16,359 [Worker-97] INFO  o.e.m.c.i.embedder.EclipseLogger - skip non existing resourceDirectory /Users/Heman/Documents/workstation/Developement_Studio/Java_Laboratory/Leisure_WorkZones/Eclipse_Workspaces/Workspace-Eclipse-2/algorithm.dynamicprogramming/src/test/resources
2016-01-13 18:57:55,375 [Worker-98] INFO  o.e.m.c.i.embedder.EclipseLogger - Using 'UTF-8' encoding to copy filtered resources.
2016-01-13 18:57:55,375 [Worker-98] INFO  o.e.m.c.i.embedder.EclipseLogger - skip non existing resourceDirectory /Users/Heman/Documents/workstation/Developement_Studio/Java_Laboratory/Leisure_WorkZones/Eclipse_Workspaces/Workspace-Eclipse-2/algorithm.dynamicprogramming/src/main/resources
2016-01-13 18:57:55,377 [Worker-98] INFO  o.e.m.c.i.embedder.EclipseLogger - Using 'UTF-8' encoding to copy filtered resources.
2016-01-13 18:57:55,377 [Worker-98] INFO  o.e.m.c.i.embedder.EclipseLogger - skip non existing resourceDirectory /Users/Heman/Documents/workstation/Developement_Studio/Java_Laboratory/Leisure_WorkZones/Eclipse_Workspaces/Workspace-Eclipse-2/algorithm.dynamicprogramming/src/test/resources
2016-01-13 23:23:56,854 [Worker-131] INFO  o.e.m.c.i.embedder.EclipseLogger - Using 'UTF-8' encoding to copy filtered resources.
2016-01-13 23:23:56,855 [Worker-131] INFO  o.e.m.c.i.embedder.EclipseLogger - skip non existing resourceDirectory /Users/Heman/Documents/workstation/Developement_Studio/Java_Laboratory/Leisure_WorkZones/Eclipse_Workspaces/Workspace-Eclipse-2/algorithm.dynamicprogramming/src/main/resources
2016-01-13 23:23:56,856 [Worker-131] INFO  o.e.m.c.i.embedder.EclipseLogger - Using 'UTF-8' encoding to copy filtered resources.
2016-01-13 23:23:56,856 [Worker-131] INFO  o.e.m.c.i.embedder.EclipseLogger - skip non existing resourceDirectory /Users/Heman/Documents/workstation/Developement_Studio/Java_Laboratory/Leisure_WorkZones/Eclipse_Workspaces/Workspace-Eclipse-2/algorithm.dynamicprogramming/src/test/resources
2016-01-13 23:28:51,544 [Worker-136] INFO  o.e.m.c.i.embedder.EclipseLogger - Using 'UTF-8' encoding to copy filtered resources.
2016-01-13 23:28:51,545 [Worker-136] INFO  o.e.m.c.i.embedder.EclipseLogger - skip non existing resourceDirectory /Users/Heman/Documents/workstation/Developement_Studio/Java_Laboratory/Leisure_WorkZones/Eclipse_Workspaces/Workspace-Eclipse-2/algorithm.dynamicprogramming/src/main/resources
2016-01-13 23:28:51,546 [Worker-136] INFO  o.e.m.c.i.embedder.EclipseLogger - Using 'UTF-8' encoding to copy filtered resources.
2016-01-13 23:28:51,546 [Worker-136] INFO  o.e.m.c.i.embedder.EclipseLogger - skip non existing resourceDirectory /Users/Heman/Documents/workstation/Developement_Studio/Java_Laboratory/Leisure_WorkZones/Eclipse_Workspaces/Workspace-Eclipse-2/algorithm.dynamicprogramming/src/test/resources
2016-01-13 23:29:20,108 [Worker-134] INFO  o.e.m.c.i.embedder.EclipseLogger - Using 'UTF-8' encoding to copy filtered resources.
2016-01-13 23:29:20,108 [Worker-134] INFO  o.e.m.c.i.embedder.EclipseLogger - skip non existing resourceDirectory /Users/Heman/Documents/workstation/Developement_Studio/Java_Laboratory/Leisure_WorkZones/Eclipse_Workspaces/Workspace-Eclipse-2/algorithm.dynamicprogramming/src/main/resources
2016-01-13 23:29:20,110 [Worker-134] INFO  o.e.m.c.i.embedder.EclipseLogger - Using 'UTF-8' encoding to copy filtered resources.
2016-01-13 23:29:20,110 [Worker-134] INFO  o.e.m.c.i.embedder.EclipseLogger - skip non existing resourceDirectory /Users/Heman/Documents/workstation/Developement_Studio/Java_Laboratory/Leisure_WorkZones/Eclipse_Workspaces/Workspace-Eclipse-2/algorithm.dynamicprogramming/src/test/resources
2016-01-13 23:30:03,524 [Worker-134] INFO  o.e.m.c.i.embedder.EclipseLogger - Using 'UTF-8' encoding to copy filtered resources.
2016-01-13 23:30:03,524 [Worker-134] INFO  o.e.m.c.i.embedder.EclipseLogger - skip non existing resourceDirectory /Users/Heman/Documents/workstation/Developement_Studio/Java_Laboratory/Leisure_WorkZones/Eclipse_Workspaces/Workspace-Eclipse-2/algorithm.dynamicprogramming/src/main/resources
2016-01-13 23:30:03,525 [Worker-134] INFO  o.e.m.c.i.embedder.EclipseLogger - Using 'UTF-8' encoding to copy filtered resources.
2016-01-13 23:30:03,525 [Worker-134] INFO  o.e.m.c.i.embedder.EclipseLogger - skip non existing resourceDirectory /Users/Heman/Documents/workstation/Developement_Studio/Java_Laboratory/Leisure_WorkZones/Eclipse_Workspaces/Workspace-Eclipse-2/algorithm.dynamicprogramming/src/test/resources
2016-01-13 23:31:19,026 [Worker-135] INFO  o.e.m.c.i.embedder.EclipseLogger - Using 'UTF-8' encoding to copy filtered resources.
2016-01-13 23:31:19,026 [Worker-135] INFO  o.e.m.c.i.embedder.EclipseLogger - skip non existing resourceDirectory /Users/Heman/Documents/workstation/Developement_Studio/Java_Laboratory/Leisure_WorkZones/Eclipse_Workspaces/Workspace-Eclipse-2/algorithm.dynamicprogramming/src/main/resources
2016-01-13 23:31:19,028 [Worker-135] INFO  o.e.m.c.i.embedder.EclipseLogger - Using 'UTF-8' encoding to copy filtered resources.
2016-01-13 23:31:19,028 [Worker-135] INFO  o.e.m.c.i.embedder.EclipseLogger - skip non existing resourceDirectory /Users/Heman/Documents/workstation/Developement_Studio/Java_Laboratory/Leisure_WorkZones/Eclipse_Workspaces/Workspace-Eclipse-2/algorithm.dynamicprogramming/src/test/resources
2016-01-13 23:31:55,766 [Worker-134] INFO  o.e.m.c.i.embedder.EclipseLogger - Using 'UTF-8' encoding to copy filtered resources.
2016-01-13 23:31:55,766 [Worker-134] INFO  o.e.m.c.i.embedder.EclipseLogger - skip non existing resourceDirectory /Users/Heman/Documents/workstation/Developement_Studio/Java_Laboratory/Leisure_WorkZones/Eclipse_Workspaces/Workspace-Eclipse-2/algorithm.dynamicprogramming/src/main/resources
2016-01-13 23:31:55,768 [Worker-134] INFO  o.e.m.c.i.embedder.EclipseLogger - Using 'UTF-8' encoding to copy filtered resources.
2016-01-13 23:31:55,768 [Worker-134] INFO  o.e.m.c.i.embedder.EclipseLogger - skip non existing resourceDirectory /Users/Heman/Documents/workstation/Developement_Studio/Java_Laboratory/Leisure_WorkZones/Eclipse_Workspaces/Workspace-Eclipse-2/algorithm.dynamicprogramming/src/test/resources
2016-01-13 23:32:03,497 [Worker-134] INFO  o.e.m.c.i.embedder.EclipseLogger - Using 'UTF-8' encoding to copy filtered resources.
2016-01-13 23:32:03,497 [Worker-134] INFO  o.e.m.c.i.embedder.EclipseLogger - skip non existing resourceDirectory /Users/Heman/Documents/workstation/Developement_Studio/Java_Laboratory/Leisure_WorkZones/Eclipse_Workspaces/Workspace-Eclipse-2/algorithm.dynamicprogramming/src/main/resources
2016-01-13 23:32:03,498 [Worker-134] INFO  o.e.m.c.i.embedder.EclipseLogger - Using 'UTF-8' encoding to copy filtered resources.
2016-01-13 23:32:03,498 [Worker-134] INFO  o.e.m.c.i.embedder.EclipseLogger - skip non existing resourceDirectory /Users/Heman/Documents/workstation/Developement_Studio/Java_Laboratory/Leisure_WorkZones/Eclipse_Workspaces/Workspace-Eclipse-2/algorithm.dynamicprogramming/src/test/resources
